[1127/095639.174:ERROR:directory_reader_win.cc(43)] FindFirstFile: Системе не удается найти указанный путь. (0x3)
[1130/185906.036:ERROR:directory_reader_win.cc(43)] FindFirstFile: Системе не удается найти указанный путь. (0x3)
[1204/184403.142:ERROR:directory_reader_win.cc(43)] FindFirstFile: Системе не удается найти указанный путь. (0x3)
[1209/190704.792:ERROR:directory_reader_win.cc(43)] FindFirstFile: Системе не удается найти указанный путь. (0x3)
[1209/190704.830:ERROR:filesystem_win.cc(129)] GetFileAttributes C:\Users\Vadim\AppData\Local\Google\Chrome\User Data\Crashpad\attachments\2ae59e97-4610-4603-9bf7-d7655a267483: Системе не удается найти указанный путь. (0x3)
[1209/190704.842:ERROR:filesystem_win.cc(129)] GetFileAttributes C:\Users\Vadim\AppData\Local\Google\Chrome\User Data\Crashpad\attachments\fdf0f5f6-bee7-4990-801e-329b8d5f2116: Системе не удается найти указанный путь. (0x3)
[1209/190705.521:ERROR:filesystem_win.cc(129)] GetFileAttributes C:\Users\Vadim\AppData\Local\Google\Chrome\User Data\Crashpad\attachments\4e094f6b-5ac2-403f-a33e-53fee0a87b91: Системе не удается найти указанный путь. (0x3)
[1209/190705.534:ERROR:filesystem_win.cc(129)] GetFileAttributes C:\Users\Vadim\AppData\Local\Google\Chrome\User Data\Crashpad\attachments\6c4cdd60-3e1a-492d-b5b9-6b6d109744ad: Системе не удается найти указанный путь. (0x3)
[1209/190705.547:ERROR:filesystem_win.cc(129)] GetFileAttributes C:\Users\Vadim\AppData\Local\Google\Chrome\User Data\Crashpad\attachments\c2bafb6e-825f-40a1-bfdb-ae9cb5efca5c: Системе не удается найти указанный путь. (0x3)
[1209/190705.560:ERROR:filesystem_win.cc(129)] GetFileAttributes C:\Users\Vadim\AppData\Local\Google\Chrome\User Data\Crashpad\attachments\4acc7c01-66d4-43c4-938a-c85fa0d983e0: Системе не удается найти указанный путь. (0x3)
[1209/190705.571:ERROR:filesystem_win.cc(129)] GetFileAttributes C:\Users\Vadim\AppData\Local\Google\Chrome\User Data\Crashpad\attachments\97e0beb2-4e26-447c-8641-93effd81d4eb: Системе не удается найти указанный путь. (0x3)
[1209/190705.582:ERROR:filesystem_win.cc(129)] GetFileAttributes C:\Users\Vadim\AppData\Local\Google\Chrome\User Data\Crashpad\attachments\da52c627-9f11-434e-a0f8-e7ccfedd3977: Системе не удается найти указанный путь. (0x3)
[1209/190705.596:ERROR:filesystem_win.cc(129)] GetFileAttributes C:\Users\Vadim\AppData\Local\Google\Chrome\User Data\Crashpad\attachments\661c2e8b-f308-4482-94a2-6742aab96e6b: Системе не удается найти указанный путь. (0x3)
[1209/190705.610:ERROR:filesystem_win.cc(129)] GetFileAttributes C:\Users\Vadim\AppData\Local\Google\Chrome\User Data\Crashpad\attachments\5a2f57e0-99cf-4f14-b7a2-96ca4d48cc7a: Системе не удается найти указанный путь. (0x3)
[1209/190705.623:ERROR:filesystem_win.cc(129)] GetFileAttributes C:\Users\Vadim\AppData\Local\Google\Chrome\User Data\Crashpad\attachments\db312b8f-c800-4b5e-9f9c-6db898ca67b4: Системе не удается найти указанный путь. (0x3)
[1209/190705.634:ERROR:filesystem_win.cc(129)] GetFileAttributes C:\Users\Vadim\AppData\Local\Google\Chrome\User Data\Crashpad\attachments\9357e0c6-e549-4113-b005-e818a1b32e57: Системе не удается найти указанный путь. (0x3)
[1209/190705.645:ERROR:filesystem_win.cc(129)] GetFileAttributes C:\Users\Vadim\AppData\Local\Google\Chrome\User Data\Crashpad\attachments\e7bd70cd-377d-4343-aaef-02391f91d255: Системе не удается найти указанный путь. (0x3)
[1209/190705.656:ERROR:filesystem_win.cc(129)] GetFileAttributes C:\Users\Vadim\AppData\Local\Google\Chrome\User Data\Crashpad\attachments\fc08e303-e3b7-40b2-8cb6-d554d88a33fd: Системе не удается найти указанный путь. (0x3)
[1209/190705.666:ERROR:filesystem_win.cc(129)] GetFileAttributes C:\Users\Vadim\AppData\Local\Google\Chrome\User Data\Crashpad\attachments\66c6fae9-3142-4a95-a518-ff8165e0c80c: Системе не удается найти указанный путь. (0x3)
[1209/190705.676:ERROR:filesystem_win.cc(129)] GetFileAttributes C:\Users\Vadim\AppData\Local\Google\Chrome\User Data\Crashpad\attachments\4b9a47ca-0dfc-4963-967b-77802b2686fd: Системе не удается найти указанный путь. (0x3)
[1209/190705.686:ERROR:filesystem_win.cc(129)] GetFileAttributes C:\Users\Vadim\AppData\Local\Google\Chrome\User Data\Crashpad\attachments\3f75e04b-1cdc-475a-a0f1-9a9f4efaa179: Системе не удается найти указанный путь. (0x3)
[1209/190705.696:ERROR:filesystem_win.cc(129)] GetFileAttributes C:\Users\Vadim\AppData\Local\Google\Chrome\User Data\Crashpad\attachments\8eedea79-970e-4828-94f9-c21ede711185: Системе не удается найти указанный путь. (0x3)
[1209/190705.706:ERROR:filesystem_win.cc(129)] GetFileAttributes C:\Users\Vadim\AppData\Local\Google\Chrome\User Data\Crashpad\attachments\9551bb8f-13c4-4ea0-9292-bc868643da36: Системе не удается найти указанный путь. (0x3)
[1209/190705.716:ERROR:filesystem_win.cc(129)] GetFileAttributes C:\Users\Vadim\AppData\Local\Google\Chrome\User Data\Crashpad\attachments\bf065abf-68ee-45d6-a5cc-cd9cbf80ecae: Системе не удается найти указанный путь. (0x3)
[1209/190705.725:ERROR:filesystem_win.cc(129)] GetFileAttributes C:\Users\Vadim\AppData\Local\Google\Chrome\User Data\Crashpad\attachments\27e69e05-415e-43ea-89bc-7677b7a45ca2: Системе не удается найти указанный путь. (0x3)
[1209/190705.735:ERROR:filesystem_win.cc(129)] GetFileAttributes C:\Users\Vadim\AppData\Local\Google\Chrome\User Data\Crashpad\attachments\99615856-a99b-409e-8d01-1712b6797998: Системе не удается найти указанный путь. (0x3)
[1209/190705.744:ERROR:filesystem_win.cc(129)] GetFileAttributes C:\Users\Vadim\AppData\Local\Google\Chrome\User Data\Crashpad\attachments\fb6ffc18-52aa-4d43-9b88-2ecd5c605eb0: Системе не удается найти указанный путь. (0x3)
[1209/190705.754:ERROR:filesystem_win.cc(129)] GetFileAttributes C:\Users\Vadim\AppData\Local\Google\Chrome\User Data\Crashpad\attachments\9a0065d5-aee3-44cb-ac4b-221b4c4b404d: Системе не удается найти указанный путь. (0x3)
[1209/190705.764:ERROR:filesystem_win.cc(129)] GetFileAttributes C:\Users\Vadim\AppData\Local\Google\Chrome\User Data\Crashpad\attachments\fe09a214-8625-47ab-b408-e740386cd76a: Системе не удается найти указанный путь. (0x3)
[1209/190705.773:ERROR:filesystem_win.cc(129)] GetFileAttributes C:\Users\Vadim\AppData\Local\Google\Chrome\User Data\Crashpad\attachments\7399047a-7d14-4e90-9770-120c4ab05707: Системе не удается найти указанный путь. (0x3)
[1209/190705.783:ERROR:filesystem_win.cc(129)] GetFileAttributes C:\Users\Vadim\AppData\Local\Google\Chrome\User Data\Crashpad\attachments\a09ca6a1-e62f-4277-8338-baaf5af8cd4b: Системе не удается найти указанный путь. (0x3)
[1209/190705.792:ERROR:filesystem_win.cc(129)] GetFileAttributes C:\Users\Vadim\AppData\Local\Google\Chrome\User Data\Crashpad\attachments\46f672c8-d40a-449b-8038-bc2e5e683d5b: Системе не удается найти указанный путь. (0x3)
[1209/190705.802:ERROR:filesystem_win.cc(129)] GetFileAttributes C:\Users\Vadim\AppData\Local\Google\Chrome\User Data\Crashpad\attachments\75eff77e-b7b0-4a52-b910-50baf7defc02: Системе не удается найти указанный путь. (0x3)
[1209/190705.811:ERROR:filesystem_win.cc(129)] GetFileAttributes C:\Users\Vadim\AppData\Local\Google\Chrome\User Data\Crashpad\attachments\7d9839ec-bd27-4c28-a166-c836ce2b61da: Системе не удается найти указанный путь. (0x3)
[1209/190705.821:ERROR:filesystem_win.cc(129)] GetFileAttributes C:\Users\Vadim\AppData\Local\Google\Chrome\User Data\Crashpad\attachments\97dcc87b-2281-43c6-976b-a736fbb9dcf6: Системе не удается найти указанный путь. (0x3)
[1209/190705.831:ERROR:filesystem_win.cc(129)] GetFileAttributes C:\Users\Vadim\AppData\Local\Google\Chrome\User Data\Crashpad\attachments\ceac9a2b-5b1f-460d-b135-2ad1fa3a77db: Системе не удается найти указанный путь. (0x3)
[1209/190705.839:ERROR:filesystem_win.cc(129)] GetFileAttributes C:\Users\Vadim\AppData\Local\Google\Chrome\User Data\Crashpad\attachments\ee8a7131-2aa7-441a-9629-b4c95bf4d3ed: Системе не удается найти указанный путь. (0x3)
[1209/190705.849:ERROR:filesystem_win.cc(129)] GetFileAttributes C:\Users\Vadim\AppData\Local\Google\Chrome\User Data\Crashpad\attachments\d6b733e8-f9b0-446d-b3cb-f34f5254735f: Системе не удается найти указанный путь. (0x3)
[1209/190705.857:ERROR:filesystem_win.cc(129)] GetFileAttributes C:\Users\Vadim\AppData\Local\Google\Chrome\User Data\Crashpad\attachments\a8453a61-a11e-4f21-afbf-195afc785e3e: Системе не удается найти указанный путь. (0x3)
[1209/190705.867:ERROR:filesystem_win.cc(129)] GetFileAttributes C:\Users\Vadim\AppData\Local\Google\Chrome\User Data\Crashpad\attachments\a605571a-196a-4888-aa4b-11ef9e35fb3d: Системе не удается найти указанный путь. (0x3)
[1209/190705.875:ERROR:filesystem_win.cc(129)] GetFileAttributes C:\Users\Vadim\AppData\Local\Google\Chrome\User Data\Crashpad\attachments\a757c6a8-b33b-450b-bed8-af49b5c8a6dd: Системе не удается найти указанный путь. (0x3)
[1209/190705.884:ERROR:filesystem_win.cc(129)] GetFileAttributes C:\Users\Vadim\AppData\Local\Google\Chrome\User Data\Crashpad\attachments\ee09abdc-1050-4ecc-9729-d67c17339a85: Системе не удается найти указанный путь. (0x3)
[1209/190705.892:ERROR:filesystem_win.cc(129)] GetFileAttributes C:\Users\Vadim\AppData\Local\Google\Chrome\User Data\Crashpad\attachments\2cd84b98-66b3-4ddb-a665-0151a1553d05: Системе не удается найти указанный путь. (0x3)
[1209/190705.901:ERROR:filesystem_win.cc(129)] GetFileAttributes C:\Users\Vadim\AppData\Local\Google\Chrome\User Data\Crashpad\attachments\4b9a267b-4189-49da-9ca1-3281a801f319: Системе не удается найти указанный путь. (0x3)
[1209/190705.909:ERROR:filesystem_win.cc(129)] GetFileAttributes C:\Users\Vadim\AppData\Local\Google\Chrome\User Data\Crashpad\attachments\8c686079-01df-4fb7-a144-6bd95a0db626: Системе не удается найти указанный путь. (0x3)
[1209/190705.917:ERROR:filesystem_win.cc(129)] GetFileAttributes C:\Users\Vadim\AppData\Local\Google\Chrome\User Data\Crashpad\attachments\48dc3d4f-e7f5-4ddf-9598-d27371cc8e77: Системе не удается найти указанный путь. (0x3)
[1209/190705.926:ERROR:filesystem_win.cc(129)] GetFileAttributes C:\Users\Vadim\AppData\Local\Google\Chrome\User Data\Crashpad\attachments\5dc693c6-150e-4b34-aeb4-cbf3d269ed46: Системе не удается найти указанный путь. (0x3)
[1209/190705.934:ERROR:filesystem_win.cc(129)] GetFileAttributes C:\Users\Vadim\AppData\Local\Google\Chrome\User Data\Crashpad\attachments\4bebc8d1-4eab-4346-9b47-71213409174d: Системе не удается найти указанный путь. (0x3)
[1209/190705.942:ERROR:filesystem_win.cc(129)] GetFileAttributes C:\Users\Vadim\AppData\Local\Google\Chrome\User Data\Crashpad\attachments\4396f553-17ad-4efe-8d67-33a480ed46ab: Системе не удается найти указанный путь. (0x3)
[1209/190705.950:ERROR:filesystem_win.cc(129)] GetFileAttributes C:\Users\Vadim\AppData\Local\Google\Chrome\User Data\Crashpad\attachments\88761de3-f977-4a9e-bb5e-407a377b3a97: Системе не удается найти указанный путь. (0x3)
[1209/190705.957:ERROR:filesystem_win.cc(129)] GetFileAttributes C:\Users\Vadim\AppData\Local\Google\Chrome\User Data\Crashpad\attachments\592b5e49-7a18-4a75-b05b-d8243142a197: Системе не удается найти указанный путь. (0x3)
[1209/190705.967:ERROR:filesystem_win.cc(129)] GetFileAttributes C:\Users\Vadim\AppData\Local\Google\Chrome\User Data\Crashpad\attachments\478ee848-09e9-4807-af25-7bbae98aaeef: Системе не удается найти указанный путь. (0x3)
[1209/190705.978:ERROR:filesystem_win.cc(129)] GetFileAttributes C:\Users\Vadim\AppData\Local\Google\Chrome\User Data\Crashpad\attachments\97e7e91c-87a8-4f98-bd90-557399f342bf: Системе не удается найти указанный путь. (0x3)
[1209/190705.989:ERROR:filesystem_win.cc(129)] GetFileAttributes C:\Users\Vadim\AppData\Local\Google\Chrome\User Data\Crashpad\attachments\6205d891-5162-4ed5-aae5-b238ba58e24b: Системе не удается найти указанный путь. (0x3)
[1209/190705.997:ERROR:filesystem_win.cc(129)] GetFileAttributes C:\Users\Vadim\AppData\Local\Google\Chrome\User Data\Crashpad\attachments\f1e1f300-b56a-49e7-b43c-067e4e770b34: Системе не удается найти указанный путь. (0x3)
[1209/190706.006:ERROR:filesystem_win.cc(129)] GetFileAttributes C:\Users\Vadim\AppData\Local\Google\Chrome\User Data\Crashpad\attachments\e2491115-bc6d-47ca-978e-a8f4dfeb46f6: Системе не удается найти указанный путь. (0x3)
[1209/190706.013:ERROR:filesystem_win.cc(129)] GetFileAttributes C:\Users\Vadim\AppData\Local\Google\Chrome\User Data\Crashpad\attachments\dfd7a082-74e7-4300-880c-ee84b4a128a7: Системе не удается найти указанный путь. (0x3)
[1209/190706.022:ERROR:filesystem_win.cc(129)] GetFileAttributes C:\Users\Vadim\AppData\Local\Google\Chrome\User Data\Crashpad\attachments\ffb6c12b-7387-454b-9166-1612c1c2af98: Системе не удается найти указанный путь. (0x3)
[1209/190706.029:ERROR:filesystem_win.cc(129)] GetFileAttributes C:\Users\Vadim\AppData\Local\Google\Chrome\User Data\Crashpad\attachments\a8843fe1-f6e9-419a-b315-a5f15f7e1c80: Системе не удается найти указанный путь. (0x3)
[1209/190706.036:ERROR:filesystem_win.cc(129)] GetFileAttributes C:\Users\Vadim\AppData\Local\Google\Chrome\User Data\Crashpad\attachments\5c2bb90c-d4ce-4390-9eea-d0bd4218a6ea: Системе не удается найти указанный путь. (0x3)
[1209/190706.043:ERROR:filesystem_win.cc(129)] GetFileAttributes C:\Users\Vadim\AppData\Local\Google\Chrome\User Data\Crashpad\attachments\4f786dc0-0d3e-4664-a872-3b5f295d5420: Системе не удается найти указанный путь. (0x3)
[1209/190706.050:ERROR:filesystem_win.cc(129)] GetFileAttributes C:\Users\Vadim\AppData\Local\Google\Chrome\User Data\Crashpad\attachments\782ebfd5-1834-44ce-9cce-f122e7c994dd: Системе не удается найти указанный путь. (0x3)
[1209/190706.058:ERROR:filesystem_win.cc(129)] GetFileAttributes C:\Users\Vadim\AppData\Local\Google\Chrome\User Data\Crashpad\attachments\a8ad3bf0-d2be-47d6-b1c1-5cfb44f4644a: Системе не удается найти указанный путь. (0x3)
[1209/190706.064:ERROR:filesystem_win.cc(129)] GetFileAttributes C:\Users\Vadim\AppData\Local\Google\Chrome\User Data\Crashpad\attachments\7e4f6d71-b6e6-4a3f-9ccb-3cb8496d2a6a: Системе не удается найти указанный путь. (0x3)
[1209/190706.071:ERROR:filesystem_win.cc(129)] GetFileAttributes C:\Users\Vadim\AppData\Local\Google\Chrome\User Data\Crashpad\attachments\4d9fa54d-8adb-448c-8369-77d7d5b8715c: Системе не удается найти указанный путь. (0x3)
[1209/190706.078:ERROR:filesystem_win.cc(129)] GetFileAttributes C:\Users\Vadim\AppData\Local\Google\Chrome\User Data\Crashpad\attachments\88b02531-f110-489f-9448-a13812736753: Системе не удается найти указанный путь. (0x3)
[1209/190706.084:ERROR:filesystem_win.cc(129)] GetFileAttributes C:\Users\Vadim\AppData\Local\Google\Chrome\User Data\Crashpad\attachments\95052799-9e4f-45ad-8386-71d6b5699c98: Системе не удается найти указанный путь. (0x3)
[1209/190706.091:ERROR:filesystem_win.cc(129)] GetFileAttributes C:\Users\Vadim\AppData\Local\Google\Chrome\User Data\Crashpad\attachments\9ebc3c4f-c702-4462-9abe-6717a51a51aa: Системе не удается найти указанный путь. (0x3)
[1209/190706.097:ERROR:filesystem_win.cc(129)] GetFileAttributes C:\Users\Vadim\AppData\Local\Google\Chrome\User Data\Crashpad\attachments\1ca6d81f-e0d5-4ef4-93a4-ffc04fed961a: Системе не удается найти указанный путь. (0x3)
[1209/190706.104:ERROR:filesystem_win.cc(129)] GetFileAttributes C:\Users\Vadim\AppData\Local\Google\Chrome\User Data\Crashpad\attachments\7143c7e6-47c6-44e3-8822-fefa858ec4f9: Системе не удается найти указанный путь. (0x3)
[1209/190706.110:ERROR:filesystem_win.cc(129)] GetFileAttributes C:\Users\Vadim\AppData\Local\Google\Chrome\User Data\Crashpad\attachments\b06312bf-56a1-4250-b1af-024bb800f907: Системе не удается найти указанный путь. (0x3)
[1209/190706.119:ERROR:filesystem_win.cc(129)] GetFileAttributes C:\Users\Vadim\AppData\Local\Google\Chrome\User Data\Crashpad\attachments\ffc65fe1-1ad7-4381-bad5-8fcd5abc34e3: Системе не удается найти указанный путь. (0x3)
[1209/190706.125:ERROR:filesystem_win.cc(129)] GetFileAttributes C:\Users\Vadim\AppData\Local\Google\Chrome\User Data\Crashpad\attachments\1b981e98-29ff-48d3-9b26-d0e827afbab4: Системе не удается найти указанный путь. (0x3)
[1209/190706.131:ERROR:filesystem_win.cc(129)] GetFileAttributes C:\Users\Vadim\AppData\Local\Google\Chrome\User Data\Crashpad\attachments\01329a3c-0ae4-46d9-8a4f-28f5f4b21b5f: Системе не удается найти указанный путь. (0x3)
[1209/190706.137:ERROR:filesystem_win.cc(129)] GetFileAttributes C:\Users\Vadim\AppData\Local\Google\Chrome\User Data\Crashpad\attachments\bdf60d28-ff99-43ac-9588-b874b3850415: Системе не удается найти указанный путь. (0x3)
[1209/190706.143:ERROR:filesystem_win.cc(129)] GetFileAttributes C:\Users\Vadim\AppData\Local\Google\Chrome\User Data\Crashpad\attachments\15a5f7d2-5dab-4282-8ba0-2936fffe0bfe: Системе не удается найти указанный путь. (0x3)
[1209/190706.150:ERROR:filesystem_win.cc(129)] GetFileAttributes C:\Users\Vadim\AppData\Local\Google\Chrome\User Data\Crashpad\attachments\bb00c46a-b233-4079-a6b5-a91b0751c278: Системе не удается найти указанный путь. (0x3)
[1209/190706.155:ERROR:filesystem_win.cc(129)] GetFileAttributes C:\Users\Vadim\AppData\Local\Google\Chrome\User Data\Crashpad\attachments\08f464bf-2152-49f7-a950-b50d91c59864: Системе не удается найти указанный путь. (0x3)
[1209/190706.161:ERROR:filesystem_win.cc(129)] GetFileAttributes C:\Users\Vadim\AppData\Local\Google\Chrome\User Data\Crashpad\attachments\aa1a21aa-9fab-4ac3-8517-03fde1906c75: Системе не удается найти указанный путь. (0x3)
[1209/190706.167:ERROR:filesystem_win.cc(129)] GetFileAttributes C:\Users\Vadim\AppData\Local\Google\Chrome\User Data\Crashpad\attachments\626d4fe9-169f-484f-a7d1-b2079bc5893d: Системе не удается найти указанный путь. (0x3)
[1209/190706.172:ERROR:filesystem_win.cc(129)] GetFileAttributes C:\Users\Vadim\AppData\Local\Google\Chrome\User Data\Crashpad\attachments\e1b1b321-82a1-401a-aba1-5d407dd5423b: Системе не удается найти указанный путь. (0x3)
[1209/190706.178:ERROR:filesystem_win.cc(129)] GetFileAttributes C:\Users\Vadim\AppData\Local\Google\Chrome\User Data\Crashpad\attachments\c15a2f10-8e15-4c42-b361-c7225137e565: Системе не удается найти указанный путь. (0x3)
[1209/190706.183:ERROR:filesystem_win.cc(129)] GetFileAttributes C:\Users\Vadim\AppData\Local\Google\Chrome\User Data\Crashpad\attachments\7c8ef3fc-c102-4c79-8112-d432a5363a67: Системе не удается найти указанный путь. (0x3)
[1209/190706.188:ERROR:filesystem_win.cc(129)] GetFileAttributes C:\Users\Vadim\AppData\Local\Google\Chrome\User Data\Crashpad\attachments\08d32df9-304b-479d-b4de-1f30d1cc21c7: Системе не удается найти указанный путь. (0x3)
[1209/190706.193:ERROR:filesystem_win.cc(129)] GetFileAttributes C:\Users\Vadim\AppData\Local\Google\Chrome\User Data\Crashpad\attachments\c29bec48-6412-4801-9938-be5be67723dd: Системе не удается найти указанный путь. (0x3)
[1209/190706.198:ERROR:filesystem_win.cc(129)] GetFileAttributes C:\Users\Vadim\AppData\Local\Google\Chrome\User Data\Crashpad\attachments\a73ce98b-3297-4c41-b88c-067dd89aef9d: Системе не удается найти указанный путь. (0x3)
[1209/190706.204:ERROR:filesystem_win.cc(129)] GetFileAttributes C:\Users\Vadim\AppData\Local\Google\Chrome\User Data\Crashpad\attachments\e8b5e8f9-d91a-4802-bccd-ee17d773a7ce: Системе не удается найти указанный путь. (0x3)
[1209/190706.210:ERROR:filesystem_win.cc(129)] GetFileAttributes C:\Users\Vadim\AppData\Local\Google\Chrome\User Data\Crashpad\attachments\e5d2fbb4-642e-4dd1-89bb-6ba86f5ad748: Системе не удается найти указанный путь. (0x3)
[1209/190706.216:ERROR:filesystem_win.cc(129)] GetFileAttributes C:\Users\Vadim\AppData\Local\Google\Chrome\User Data\Crashpad\attachments\c89a24ed-715a-4edd-a9aa-63a6933b2c13: Системе не удается найти указанный путь. (0x3)
[1209/190706.220:ERROR:filesystem_win.cc(129)] GetFileAttributes C:\Users\Vadim\AppData\Local\Google\Chrome\User Data\Crashpad\attachments\a72dd6b6-02d6-4ff4-bc1b-c861e4f048f0: Системе не удается найти указанный путь. (0x3)
[1209/190706.225:ERROR:filesystem_win.cc(129)] GetFileAttributes C:\Users\Vadim\AppData\Local\Google\Chrome\User Data\Crashpad\attachments\6b0ce044-5274-48cb-b81d-27527ec58d6b: Системе не удается найти указанный путь. (0x3)
[1209/190706.230:ERROR:filesystem_win.cc(129)] GetFileAttributes C:\Users\Vadim\AppData\Local\Google\Chrome\User Data\Crashpad\attachments\3121f993-28c3-4e4f-9dd4-ef8b08430ac6: Системе не удается найти указанный путь. (0x3)
[1209/190706.234:ERROR:filesystem_win.cc(129)] GetFileAttributes C:\Users\Vadim\AppData\Local\Google\Chrome\User Data\Crashpad\attachments\0490ba72-71dc-45ca-995a-e44279513e7c: Системе не удается найти указанный путь. (0x3)
[1209/190706.238:ERROR:filesystem_win.cc(129)] GetFileAttributes C:\Users\Vadim\AppData\Local\Google\Chrome\User Data\Crashpad\attachments\86bf26dc-679d-400e-8d0d-70ad90679a9f: Системе не удается найти указанный путь. (0x3)
[1209/190706.243:ERROR:filesystem_win.cc(129)] GetFileAttributes C:\Users\Vadim\AppData\Local\Google\Chrome\User Data\Crashpad\attachments\4b276606-54ba-48d5-b26f-c094239e87bb: Системе не удается найти указанный путь. (0x3)
[1209/190706.248:ERROR:filesystem_win.cc(129)] GetFileAttributes C:\Users\Vadim\AppData\Local\Google\Chrome\User Data\Crashpad\attachments\0b2e6eff-9db5-4af5-ba51-08bfee2ff953: Системе не удается найти указанный путь. (0x3)
[1209/190706.252:ERROR:filesystem_win.cc(129)] GetFileAttributes C:\Users\Vadim\AppData\Local\Google\Chrome\User Data\Crashpad\attachments\f78095c4-bf44-4ca3-9184-2c62d6515864: Системе не удается найти указанный путь. (0x3)
[1209/190706.256:ERROR:filesystem_win.cc(129)] GetFileAttributes C:\Users\Vadim\AppData\Local\Google\Chrome\User Data\Crashpad\attachments\b444401c-d3e0-40f9-a0ba-9f39dd1939da: Системе не удается найти указанный путь. (0x3)
[1209/190706.259:ERROR:filesystem_win.cc(129)] GetFileAttributes C:\Users\Vadim\AppData\Local\Google\Chrome\User Data\Crashpad\attachments\b8c26978-cbb1-4fff-a4b2-8874d7422615: Системе не удается найти указанный путь. (0x3)
[1209/190706.264:ERROR:filesystem_win.cc(129)] GetFileAttributes C:\Users\Vadim\AppData\Local\Google\Chrome\User Data\Crashpad\attachments\bc2e6204-9f50-40cf-875c-40e94da0d363: Системе не удается найти указанный путь. (0x3)
[1209/190706.267:ERROR:filesystem_win.cc(129)] GetFileAttributes C:\Users\Vadim\AppData\Local\Google\Chrome\User Data\Crashpad\attachments\1c59e910-c429-451d-b550-5f6891e0333f: Системе не удается найти указанный путь. (0x3)
[1209/190706.271:ERROR:filesystem_win.cc(129)] GetFileAttributes C:\Users\Vadim\AppData\Local\Google\Chrome\User Data\Crashpad\attachments\acbcba02-6816-4f22-bfc2-5c089781b899: Системе не удается найти указанный путь. (0x3)
[1209/190706.274:ERROR:filesystem_win.cc(129)] GetFileAttributes C:\Users\Vadim\AppData\Local\Google\Chrome\User Data\Crashpad\attachments\090963a0-0b8b-4382-9af8-4916c38337ba: Системе не удается найти указанный путь. (0x3)
[1209/190706.278:ERROR:filesystem_win.cc(129)] GetFileAttributes C:\Users\Vadim\AppData\Local\Google\Chrome\User Data\Crashpad\attachments\3fe94709-c311-4509-b4f5-fb1137b00a0e: Системе не удается найти указанный путь. (0x3)
[1209/190706.282:ERROR:filesystem_win.cc(129)] GetFileAttributes C:\Users\Vadim\AppData\Local\Google\Chrome\User Data\Crashpad\attachments\245bb22a-63ea-418d-a79e-ac766a96bbfa: Системе не удается найти указанный путь. (0x3)
[1209/190706.285:ERROR:filesystem_win.cc(129)] GetFileAttributes C:\Users\Vadim\AppData\Local\Google\Chrome\User Data\Crashpad\attachments\dff757c5-cd63-4f3a-849f-52bf5038b55d: Системе не удается найти указанный путь. (0x3)
[1209/190706.288:ERROR:filesystem_win.cc(129)] GetFileAttributes C:\Users\Vadim\AppData\Local\Google\Chrome\User Data\Crashpad\attachments\f4bada18-b437-47e5-bafb-abd5938c2863: Системе не удается найти указанный путь. (0x3)
[1209/190706.291:ERROR:filesystem_win.cc(129)] GetFileAttributes C:\Users\Vadim\AppData\Local\Google\Chrome\User Data\Crashpad\attachments\199b771e-c834-41b8-b029-ace1dca30ff5: Системе не удается найти указанный путь. (0x3)
[1209/190706.294:ERROR:filesystem_win.cc(129)] GetFileAttributes C:\Users\Vadim\AppData\Local\Google\Chrome\User Data\Crashpad\attachments\45116aad-01a8-4bb5-a9c9-c7b4d7c9df6f: Системе не удается найти указанный путь. (0x3)
[1209/190706.297:ERROR:filesystem_win.cc(129)] GetFileAttributes C:\Users\Vadim\AppData\Local\Google\Chrome\User Data\Crashpad\attachments\3cb41304-520b-446e-b113-a710007a75c2: Системе не удается найти указанный путь. (0x3)
[1209/190706.300:ERROR:filesystem_win.cc(129)] GetFileAttributes C:\Users\Vadim\AppData\Local\Google\Chrome\User Data\Crashpad\attachments\fe3a24fe-cce1-4f06-bd01-27607278a274: Системе не удается найти указанный путь. (0x3)
[1209/190706.303:ERROR:filesystem_win.cc(129)] GetFileAttributes C:\Users\Vadim\AppData\Local\Google\Chrome\User Data\Crashpad\attachments\756c264f-7e3d-48e9-901c-01bb668bd479: Системе не удается найти указанный путь. (0x3)
[1209/190706.305:ERROR:filesystem_win.cc(129)] GetFileAttributes C:\Users\Vadim\AppData\Local\Google\Chrome\User Data\Crashpad\attachments\6f43db7a-fa0b-45ca-9d56-93887cb2ec32: Системе не удается найти указанный путь. (0x3)
[1209/190706.308:ERROR:filesystem_win.cc(129)] GetFileAttributes C:\Users\Vadim\AppData\Local\Google\Chrome\User Data\Crashpad\attachments\deecc10e-3f6e-48c8-8af1-3fde01d49228: Системе не удается найти указанный путь. (0x3)
[1209/190706.312:ERROR:filesystem_win.cc(129)] GetFileAttributes C:\Users\Vadim\AppData\Local\Google\Chrome\User Data\Crashpad\attachments\e59b698c-17dd-4bcd-a5f9-41fea353aef8: Системе не удается найти указанный путь. (0x3)
[1209/190706.315:ERROR:filesystem_win.cc(129)] GetFileAttributes C:\Users\Vadim\AppData\Local\Google\Chrome\User Data\Crashpad\attachments\3326f9a7-9f71-440a-b131-568ffe311937: Системе не удается найти указанный путь. (0x3)
[1209/190706.317:ERROR:filesystem_win.cc(129)] GetFileAttributes C:\Users\Vadim\AppData\Local\Google\Chrome\User Data\Crashpad\attachments\67cec4ea-cc72-4382-bc2b-98e5d11e4ca4: Системе не удается найти указанный путь. (0x3)
[1209/190706.319:ERROR:filesystem_win.cc(129)] GetFileAttributes C:\Users\Vadim\AppData\Local\Google\Chrome\User Data\Crashpad\attachments\ea79bdaa-c2cd-46a8-a6e8-8c2db0d25ec2: Системе не удается найти указанный путь. (0x3)
[1209/190706.322:ERROR:filesystem_win.cc(129)] GetFileAttributes C:\Users\Vadim\AppData\Local\Google\Chrome\User Data\Crashpad\attachments\b7973000-9f2a-4e72-9093-d1df58d86016: Системе не удается найти указанный путь. (0x3)
[1209/190706.325:ERROR:filesystem_win.cc(129)] GetFileAttributes C:\Users\Vadim\AppData\Local\Google\Chrome\User Data\Crashpad\attachments\6bf4bc6c-cf93-4b96-ae5f-54e6eb394e54: Системе не удается найти указанный путь. (0x3)
[1209/190706.327:ERROR:filesystem_win.cc(129)] GetFileAttributes C:\Users\Vadim\AppData\Local\Google\Chrome\User Data\Crashpad\attachments\4d5bdc48-de0c-4723-a75c-be591b60eeee: Системе не удается найти указанный путь. (0x3)
[1209/190706.330:ERROR:filesystem_win.cc(129)] GetFileAttributes C:\Users\Vadim\AppData\Local\Google\Chrome\User Data\Crashpad\attachments\b77c9add-dbe5-4c57-bf69-6c3f8d13e78c: Системе не удается найти указанный путь. (0x3)
[1209/190706.332:ERROR:filesystem_win.cc(129)] GetFileAttributes C:\Users\Vadim\AppData\Local\Google\Chrome\User Data\Crashpad\attachments\6f9a7ccb-c3f4-4099-93fa-2b2286ec1c19: Системе не удается найти указанный путь. (0x3)
[1209/190706.334:ERROR:filesystem_win.cc(129)] GetFileAttributes C:\Users\Vadim\AppData\Local\Google\Chrome\User Data\Crashpad\attachments\27d10bf3-e213-4295-b300-fd3a6b1c2721: Системе не удается найти указанный путь. (0x3)
[1209/190706.336:ERROR:filesystem_win.cc(129)] GetFileAttributes C:\Users\Vadim\AppData\Local\Google\Chrome\User Data\Crashpad\attachments\7bac2de9-55f1-413e-af19-14229b80d697: Системе не удается найти указанный путь. (0x3)
[1209/190706.338:ERROR:filesystem_win.cc(129)] GetFileAttributes C:\Users\Vadim\AppData\Local\Google\Chrome\User Data\Crashpad\attachments\636e1e2f-aa61-47e1-a3b3-ea83463aef5c: Системе не удается найти указанный путь. (0x3)
